<?xml version="1.0" encoding="UTF-8"?>
<testng-results ignored="0" total="1" passed="1" failed="0" skipped="0">
  <reporter-output>
  </reporter-output>
  <suite started-at="2024-07-23T16:25:36 IST" name="Default suite" finished-at="2024-07-23T16:25:36 IST" duration-ms="151">
    <groups>
    </groups>
    <test started-at="2024-07-23T16:25:36 IST" name="Default test" finished-at="2024-07-23T16:25:36 IST" duration-ms="151">
      <class name="ps1">
        <test-method is-config="true" signature="before()[pri:0, instance:ps1@57cf54e1]" started-at="2024-07-23T16:25:36 IST" name="before" finished-at="2024-07-23T16:25:36 IST" duration-ms="14" status="PASS">
          <reporter-output>
          </reporter-output>
        </test-method> <!-- before -->
        <test-method signature="testun()[pri:0, instance:ps1@57cf54e1]" started-at="2024-07-23T16:25:36 IST" name="testun" finished-at="2024-07-23T16:25:36 IST" duration-ms="33" status="PASS">
          <reporter-output>
          </reporter-output>
        </test-method> <!-- testun -->
        <test-method is-config="true" signature="After()[pri:0, instance:ps1@57cf54e1]" started-at="2024-07-23T16:25:36 IST" name="After" finished-at="2024-07-23T16:25:36 IST" duration-ms="2" status="PASS">
          <reporter-output>
          </reporter-output>
        </test-method> <!-- After -->
      </class> <!-- ps1 -->
    </test> <!-- Default test -->
  </suite> <!-- Default suite -->
</testng-results>
